0 info it worked if it ends with ok
1 verbose cli [ 'node', '/usr/local/bin/npm', 'install', '-g', 'firebase-tools' ]
2 info using npm@1.4.9
3 info using node@v0.10.28
4 verbose cache add [ 'firebase-tools', null ]
5 verbose cache add name=undefined spec="firebase-tools" args=["firebase-tools",null]
6 verbose parsed url { protocol: null,
6 verbose parsed url   slashes: null,
6 verbose parsed url   auth: null,
6 verbose parsed url   host: null,
6 verbose parsed url   port: null,
6 verbose parsed url   hostname: null,
6 verbose parsed url   hash: null,
6 verbose parsed url   search: null,
6 verbose parsed url   query: null,
6 verbose parsed url   pathname: 'firebase-tools',
6 verbose parsed url   path: 'firebase-tools',
6 verbose parsed url   href: 'firebase-tools' }
7 silly lockFile 3fa4b23e-firebase-tools firebase-tools
8 verbose lock firebase-tools /Users/PKer/.npm/3fa4b23e-firebase-tools.lock
9 silly lockFile 3fa4b23e-firebase-tools firebase-tools
10 silly lockFile 3fa4b23e-firebase-tools firebase-tools
11 verbose addNamed [ 'firebase-tools', '' ]
12 verbose addNamed [ null, '*' ]
13 silly lockFile 59c4bcc4-firebase-tools firebase-tools@
14 verbose lock firebase-tools@ /Users/PKer/.npm/59c4bcc4-firebase-tools.lock
15 silly addNameRange { name: 'firebase-tools', range: '*', hasData: false }
16 verbose url raw firebase-tools
17 verbose url resolving [ 'https://registry.npmjs.org/', './firebase-tools' ]
18 verbose url resolved https://registry.npmjs.org/firebase-tools
19 info trying registry request attempt 1 at 19:49:11
20 http GET https://registry.npmjs.org/firebase-tools
21 http 200 https://registry.npmjs.org/firebase-tools
22 silly registry.get cb [ 200,
22 silly registry.get   { date: 'Sat, 28 Jun 2014 02:49:12 GMT',
22 silly registry.get     server: 'CouchDB/1.5.0 (Erlang OTP/R16B03)',
22 silly registry.get     etag: '"7XZ7TFM951EZ1460AOBRRAQAI"',
22 silly registry.get     'content-type': 'application/json',
22 silly registry.get     'cache-control': 'max-age=30',
22 silly registry.get     'content-length': '30586',
22 silly registry.get     'accept-ranges': 'bytes',
22 silly registry.get     via: '1.1 varnish',
22 silly registry.get     age: '492',
22 silly registry.get     'x-served-by': 'cache-lax1424-LAX',
22 silly registry.get     'x-cache': 'MISS',
22 silly registry.get     'x-cache-hits': '0',
22 silly registry.get     'x-timer': 'S1403923752.081078,VS0,VE38',
22 silly registry.get     vary: 'Accept',
22 silly registry.get     'keep-alive': 'timeout=10, max=50',
22 silly registry.get     connection: 'Keep-Alive' } ]
23 silly addNameRange number 2 { name: 'firebase-tools', range: '*', hasData: true }
24 silly addNameRange versions [ 'firebase-tools',
24 silly addNameRange   [ '0.0.1',
24 silly addNameRange     '0.0.2',
24 silly addNameRange     '0.0.3',
24 silly addNameRange     '0.0.4',
24 silly addNameRange     '0.0.5',
24 silly addNameRange     '0.0.6',
24 silly addNameRange     '0.1.0',
24 silly addNameRange     '0.1.1',
24 silly addNameRange     '0.1.2',
24 silly addNameRange     '0.1.3',
24 silly addNameRange     '0.1.4',
24 silly addNameRange     '0.1.5',
24 silly addNameRange     '0.1.6',
24 silly addNameRange     '0.2.0',
24 silly addNameRange     '0.3.0',
24 silly addNameRange     '0.4.0',
24 silly addNameRange     '0.5.0',
24 silly addNameRange     '1.0.0',
24 silly addNameRange     '1.0.1',
24 silly addNameRange     '1.0.2',
24 silly addNameRange     '1.0.3',
24 silly addNameRange     '1.0.4',
24 silly addNameRange     '1.0.5',
24 silly addNameRange     '1.0.6' ] ]
25 verbose addNamed [ 'firebase-tools', '1.0.6' ]
26 verbose addNamed [ '1.0.6', '1.0.6' ]
27 silly lockFile e2ccf2ad-firebase-tools-1-0-6 firebase-tools@1.0.6
28 verbose lock firebase-tools@1.0.6 /Users/PKer/.npm/e2ccf2ad-firebase-tools-1-0-6.lock
29 silly lockFile 871b6a5f-e-tools-firebase-tools-1-0-6-tgz https://registry.npmjs.org/firebase-tools/-/firebase-tools-1.0.6.tgz
30 verbose lock https://registry.npmjs.org/firebase-tools/-/firebase-tools-1.0.6.tgz /Users/PKer/.npm/871b6a5f-e-tools-firebase-tools-1-0-6-tgz.lock
31 verbose addRemoteTarball [ 'https://registry.npmjs.org/firebase-tools/-/firebase-tools-1.0.6.tgz',
31 verbose addRemoteTarball   '5e12bea97bbbb40f2dfeb01a586d6b80654d4ec2' ]
32 info retry fetch attempt 1 at 19:49:12
33 verbose fetch to= /var/folders/92/34m7k4sj5ydgwh0mxrbrjv9w0000gn/T/npm-89710-3JL0dBYv/1403923752114-0.4347048522904515/tmp.tgz
34 http GET https://registry.npmjs.org/firebase-tools/-/firebase-tools-1.0.6.tgz
35 http 200 https://registry.npmjs.org/firebase-tools/-/firebase-tools-1.0.6.tgz
36 verbose tar unpack /var/folders/92/34m7k4sj5ydgwh0mxrbrjv9w0000gn/T/npm-89710-3JL0dBYv/1403923752114-0.4347048522904515/tmp.tgz
37 silly lockFile 2cffd9c3-npm-firebase-tools-1-0-6-package tar:///Users/PKer/.npm/firebase-tools/1.0.6/package
38 verbose lock tar:///Users/PKer/.npm/firebase-tools/1.0.6/package /Users/PKer/.npm/2cffd9c3-npm-firebase-tools-1-0-6-package.lock
39 silly lockFile 4282d2e6-52114-0-4347048522904515-tmp-tgz tar:///var/folders/92/34m7k4sj5ydgwh0mxrbrjv9w0000gn/T/npm-89710-3JL0dBYv/1403923752114-0.4347048522904515/tmp.tgz
40 verbose lock tar:///var/folders/92/34m7k4sj5ydgwh0mxrbrjv9w0000gn/T/npm-89710-3JL0dBYv/1403923752114-0.4347048522904515/tmp.tgz /Users/PKer/.npm/4282d2e6-52114-0-4347048522904515-tmp-tgz.lock
41 silly gunzTarPerm modes [ '755', '644' ]
42 silly gunzTarPerm extractEntry package.json
43 silly gunzTarPerm extractEntry .npmignore
44 silly gunzTarPerm extractEntry README.md
45 silly gunzTarPerm extractEntry CHANGELOG.md
46 silly gunzTarPerm extractEntry bin/firebase
47 silly gunzTarPerm extractEntry lib/api.js
48 silly gunzTarPerm extractEntry lib/app.js
49 silly gunzTarPerm extractEntry lib/auth.js
50 silly gunzTarPerm extractEntry lib/firebase.js
51 silly gunzTarPerm extractEntry lib/help.js
52 silly gunzTarPerm extractEntry lib/upload.js
53 silly lockFile 2cffd9c3-npm-firebase-tools-1-0-6-package tar:///Users/PKer/.npm/firebase-tools/1.0.6/package
54 silly lockFile 2cffd9c3-npm-firebase-tools-1-0-6-package tar:///Users/PKer/.npm/firebase-tools/1.0.6/package
55 silly lockFile 4282d2e6-52114-0-4347048522904515-tmp-tgz tar:///var/folders/92/34m7k4sj5ydgwh0mxrbrjv9w0000gn/T/npm-89710-3JL0dBYv/1403923752114-0.4347048522904515/tmp.tgz
56 silly lockFile 4282d2e6-52114-0-4347048522904515-tmp-tgz tar:///var/folders/92/34m7k4sj5ydgwh0mxrbrjv9w0000gn/T/npm-89710-3JL0dBYv/1403923752114-0.4347048522904515/tmp.tgz
57 silly lockFile 871b6a5f-e-tools-firebase-tools-1-0-6-tgz https://registry.npmjs.org/firebase-tools/-/firebase-tools-1.0.6.tgz
58 silly lockFile 871b6a5f-e-tools-firebase-tools-1-0-6-tgz https://registry.npmjs.org/firebase-tools/-/firebase-tools-1.0.6.tgz
59 silly lockFile e2ccf2ad-firebase-tools-1-0-6 firebase-tools@1.0.6
60 silly lockFile e2ccf2ad-firebase-tools-1-0-6 firebase-tools@1.0.6
61 silly lockFile 59c4bcc4-firebase-tools firebase-tools@
62 silly lockFile 59c4bcc4-firebase-tools firebase-tools@
63 silly resolved [ { name: 'firebase-tools',
63 silly resolved     preferGlobal: true,
63 silly resolved     version: '1.0.6',
63 silly resolved     description: 'The Firebase Command Line Tools',
63 silly resolved     keywords: [ 'firebase' ],
63 silly resolved     author: { name: 'Firebase', email: 'support@firebase.com' },
63 silly resolved     contributors: [ [Object], [Object], [Object] ],
63 silly resolved     repository:
63 silly resolved      { type: 'git',
63 silly resolved        url: 'https://github.com/firebase/firebase-tools.git' },
63 silly resolved     homepage: 'https://github.com/firebase/firebase-tools',
63 silly resolved     dependencies:
63 silly resolved      { optimist: '0.6.x',
63 silly resolved        prompt: '0.2.x',
63 silly resolved        tar: '0.1.x',
63 silly resolved        open: '0.0.x',
63 silly resolved        request: '2.34.x',
63 silly resolved        'fstream-ignore': '0.0.x',
63 silly resolved        temp: '0.6.x',
63 silly resolved        firebase: '~1.0.11',
63 silly resolved        progress: '~1.1.5',
63 silly resolved        when: '3.1.0',
63 silly resolved        chalk: '~0.4.0' },
63 silly resolved     bin: { firebase: './bin/firebase' },
63 silly resolved     engines: { node: '>=0.10.0' },
63 silly resolved     engineStrict: true,
63 silly resolved     readme: 'firebase-tools\n============\n\nThese are the Firebase Command Line Tools. They can be used to: \n* Administer your Firebase account\n* Interact with [Firebase Hosting](https://www.firebase.com/hosting.html), our product to host your HTML, JS, images, etc.\n\nFor a quick start guide, see https://www.firebase.com/docs/hosting.html\n\n\n## Installation\nTo install, first you\'ll need to [sign up](https://www.firebase.com/signup/) for\na Firebase account and have installed [Node.js](http://nodejs.org/) and\n[npm](https://npmjs.org/). Then run\n```shell\nnpm install -g firebase-tools\n```\nThis will install the globally accessible command `firebase`\n## Commands\nThe command `firebase --help` lists the available commands and\n`firebase <command> --help` shows more details.\n\n```shell\nUsage: firebase <command>\n\n  Available commands are:\n\n  bootstrap\n    Creates a new Firebase powered app from a prebuilt template to quickly\n    get a project up and running. This creates a new folder and prompts\n    you through all the required settings.\n\n  deploy\n    Deploys the current app to Firebase Hosting and creates your subdomain on\n    firebaseapp.com if it doesn\'t exist already.\n\n  init\n    Initializes an existing Firebase app in the current directory and prompts\n    you through configuring it for firebaseapp.com.\n\n  open\n    Opens the URL of the current Firebase app in a browser.\n\n  list\n    Lists the Firebases available to the currently logged in user.\n    \n  delete-site\n    Deletes the current app from Firebase Hosting and displays a\n    \'Site not Found\' page as if the site had never been deployed to.\n\n  login\n    Logs the user into Firebase. All commands that require login will prompt\n    you if you\'re not currently logged in.\n\n  logout\n    Logs the user out of Firebase.\n\n  -h, --help\n    Shows this help screen. Use `firebase <command> --help` for more\n    detailed help instructions.\n\n  -v, --version\n    Displays the current version.\n\n  -s, --silent\n    Silent mode for scripting - commands will error with non-zero status code\n    instead of waiting for prompt if not enough information supplied.\n```\n\n## Credit\nInspired by [Luke Vivier](https://github.com/lvivier)\'s Firebase command line tools.\n\nLicense\n-------\n[MIT](http://firebase.mit-license.org)\n',
63 silly resolved     readmeFilename: 'README.md',
63 silly resolved     bugs: { url: 'https://github.com/firebase/firebase-tools/issues' },
63 silly resolved     _id: 'firebase-tools@1.0.6',
63 silly resolved     _shasum: '5e12bea97bbbb40f2dfeb01a586d6b80654d4ec2',
63 silly resolved     _from: 'firebase-tools@',
63 silly resolved     _resolved: 'https://registry.npmjs.org/firebase-tools/-/firebase-tools-1.0.6.tgz' } ]
64 info install firebase-tools@1.0.6 into /usr/local/lib
65 info installOne firebase-tools@1.0.6
66 info /usr/local/lib/node_modules/firebase-tools unbuild
67 verbose tar unpack /Users/PKer/.npm/firebase-tools/1.0.6/package.tgz
68 silly lockFile 7e3d5d18--lib-node-modules-firebase-tools tar:///usr/local/lib/node_modules/firebase-tools
69 verbose lock tar:///usr/local/lib/node_modules/firebase-tools /Users/PKer/.npm/7e3d5d18--lib-node-modules-firebase-tools.lock
70 silly lockFile 1f539bd4-firebase-tools-1-0-6-package-tgz tar:///Users/PKer/.npm/firebase-tools/1.0.6/package.tgz
71 verbose lock tar:///Users/PKer/.npm/firebase-tools/1.0.6/package.tgz /Users/PKer/.npm/1f539bd4-firebase-tools-1-0-6-package-tgz.lock
72 silly gunzTarPerm modes [ '755', '644' ]
73 error Error: EACCES, mkdir '/usr/local/lib/node_modules/firebase-tools'
73 error  { [Error: EACCES, mkdir '/usr/local/lib/node_modules/firebase-tools']
73 error   errno: 3,
73 error   code: 'EACCES',
73 error   path: '/usr/local/lib/node_modules/firebase-tools',
73 error   fstream_type: 'Directory',
73 error   fstream_path: '/usr/local/lib/node_modules/firebase-tools',
73 error   fstream_class: 'DirWriter',
73 error   fstream_stack:
73 error    [ '/usr/local/lib/node_modules/npm/node_modules/fstream/lib/dir-writer.js:36:23',
73 error      '/usr/local/lib/node_modules/npm/node_modules/mkdirp/index.js:37:53',
73 error      'Object.oncomplete (fs.js:107:15)' ] }
74 error Please try running this command again as root/Administrator.
75 error System Darwin 13.2.0
76 error command "node" "/usr/local/bin/npm" "install" "-g" "firebase-tools"
77 error cwd /Users/PKer/code/YoWeather
78 error node -v v0.10.28
79 error npm -v 1.4.9
80 error path /usr/local/lib/node_modules/firebase-tools
81 error fstream_path /usr/local/lib/node_modules/firebase-tools
82 error fstream_type Directory
83 error fstream_class DirWriter
84 error code EACCES
85 error errno 3
86 error stack Error: EACCES, mkdir '/usr/local/lib/node_modules/firebase-tools'
87 error fstream_stack /usr/local/lib/node_modules/npm/node_modules/fstream/lib/dir-writer.js:36:23
87 error fstream_stack /usr/local/lib/node_modules/npm/node_modules/mkdirp/index.js:37:53
87 error fstream_stack Object.oncomplete (fs.js:107:15)
88 verbose exit [ 3, true ]
